{
  "RSpec": {
    "coverage": {
      "/Users/student/Documents/Projects/gilded-rose-tech-test/lib/gilded_rose.rb": {
        "lines": [
          null,
          1,
          1,
          1,
          1,
          1,
          1,
          33,
          null,
          null,
          1,
          33,
          363,
          null,
          null,
          null
        ]
      },
      "/Users/student/Documents/Projects/gilded-rose-tech-test/lib/item_property.rb": {
        "lines": [
          null,
          1,
          1,
          1,
          1,
          null,
          null,
          null,
          1,
          1,
          1,
          1,
          1,
          null,
          1,
          363,
          null,
          99,
          null,
          132,
          null,
          33,
          null,
          33,
          null,
          66,
          null,
          null,
          null,
          1,
          363,
          330,
          330,
          null,
          null,
          1,
          330,
          null,
          null,
          1,
          330,
          null,
          null,
          1,
          66,
          66,
          66,
          null,
          null,
          1,
          330,
          330,
          null,
          330,
          null,
          null,
          null,
          null,
          1,
          1,
          132,
          132,
          132,
          132,
          132,
          null,
          null,
          1,
          1,
          99,
          99,
          99,
          null,
          null,
          null,
          1,
          1,
          33,
          33,
          33,
          null,
          null,
          null,
          1,
          1,
          null,
          null,
          null
        ]
      },
      "/Users/student/Documents/Projects/gilded-rose-tech-test/lib/item.rb": {
        "lines": [
          null,
          null,
          1,
          1,
          null,
          1,
          121,
          121,
          121,
          null,
          null,
          1,
          0,
          null,
          null
        ]
      },
      "/Users/student/Documents/Projects/gilded-rose-tech-test/lib/aged_brie.rb": {
        "lines": [

        ]
      },
      "/Users/student/Documents/Projects/gilded-rose-tech-test/lib/backstage.rb": {
        "lines": [
          null,
          null,
          null,
          null,
          null,
          null,
          null,
          null,
          null
        ]
      }
    },
    "timestamp": 1582827533
  }
}
